0 info it worked if it ends with ok
1 verbose cli [ 'C:\\Program Files\\nodejs\\node.exe',
1 verbose cli   'C:\\Program Files\\nodejs\\node_modules\\npm\\bin\\npm-cli.js',
1 verbose cli   'run',
1 verbose cli   'debug' ]
2 info using npm@3.10.10
3 info using node@v6.10.2
4 verbose run-script [ 'predebug', 'debug', 'postdebug' ]
5 info lifecycle darkreader@1.0.1~predebug: darkreader@1.0.1
6 silly lifecycle darkreader@1.0.1~predebug: no script for predebug, continuing
7 info lifecycle darkreader@1.0.1~debug: darkreader@1.0.1
8 verbose lifecycle darkreader@1.0.1~debug: unsafe-perm in lifecycle true
9 verbose lifecycle darkreader@1.0.1~debug: PATH: C:\Program Files\nodejs\node_modules\npm\bin\node-gyp-bin;C:\Users\pc\Documents\GitHub\darkreader\node_modules\.bin;C:\Users\pc\AppData\Roaming\npm;C:\Program Files\nodejs\;C:\Program Files (x86)\Common Files\Oracle\Java\javapath;C:\ProgramData\Oracle\Java\javapath;C:\Program Files (x86)\Intel\iCLS Client\;C:\Program Files\Intel\iCLS Client\;C:\WINDOWS\system32;C:\WINDOWS;C:\WINDOWS\System32\Wbem;C:\WINDOWS\System32\WindowsPowerShell\v1.0\;C:\Program Files\Intel\Intel(R) Management Engine Components\DAL;C:\Program Files (x86)\Intel\Intel(R) Management Engine Components\DAL;C:\Program Files\Intel\Intel(R) Management Engine Components\IPT;C:\Program Files (x86)\Intel\Intel(R) Management Engine Components\IPT;C:\Program Files\Intel\WiFi\bin\;C:\Users\pc\Documents\GitHub;C:\Program Files (x86)\NVIDIA Corporation\PhysX\Common;C:\Program Files (x86)\PharosSystems\Core;C:\WINDOWS\system32;C:\WINDOWS;C:\WINDOWS\System32\Wbem;C:\WINDOWS\System32\WindowsPowerShell\v1.0\;C:\Users\Default.migrated\AppData\Local\Microsoft\Windows;C:\Program Files (x86)\Calibre2\;C:\Program Files (x86)\Skype\Phone\;C:\Program Files\Git\cmd;C:\Program Files\nodejs\;C:\Program Files\Cloud Foundry;C:\Program Files\Common Files\Intel\WirelessCommon\;C:\Program Files\MATLAB\R2017a\bin;C:\Program Files (x86)\Microsoft VS Code\bin;C:\WINDOWS\System32\OpenSSH\;C:\Program Files\Intel\WiFi\bin\;C:\Program Files\Common Files\Intel\WirelessCommon\;C:\Users\pc\AppData\Local\Microsoft\WindowsApps;C:\Users\pc\AppData\Roaming\npm;C:\Program Files (x86)\Microsoft VS Code\bin;C:\Users\pc\AppData\Local\GitHubDesktop\bin;C:\Users\pc\AppData\Local\atom\bin;%USERPROFILE%\AppData\Local\Microsoft\WindowsApps;
10 verbose lifecycle darkreader@1.0.1~debug: CWD: C:\Users\pc\Documents\GitHub\darkreader
11 silly lifecycle darkreader@1.0.1~debug: Args: [ '/d /s /c', 'gulp debug' ]
12 silly lifecycle darkreader@1.0.1~debug: Returned: code: 1  signal: null
13 info lifecycle darkreader@1.0.1~debug: Failed to exec debug script
14 verbose stack Error: darkreader@1.0.1 debug: `gulp debug`
14 verbose stack Exit status 1
14 verbose stack     at EventEmitter.<anonymous> (C:\Program Files\nodejs\node_modules\npm\lib\utils\lifecycle.js:255:16)
14 verbose stack     at emitTwo (events.js:106:13)
14 verbose stack     at EventEmitter.emit (events.js:191:7)
14 verbose stack     at ChildProcess.<anonymous> (C:\Program Files\nodejs\node_modules\npm\lib\utils\spawn.js:40:14)
14 verbose stack     at emitTwo (events.js:106:13)
14 verbose stack     at ChildProcess.emit (events.js:191:7)
14 verbose stack     at maybeClose (internal/child_process.js:886:16)
14 verbose stack     at Process.ChildProcess._handle.onexit (internal/child_process.js:226:5)
15 verbose pkgid darkreader@1.0.1
16 verbose cwd C:\Users\pc\Documents\GitHub\darkreader
17 error Windows_NT 10.0.17134
18 error argv "C:\\Program Files\\nodejs\\node.exe" "C:\\Program Files\\nodejs\\node_modules\\npm\\bin\\npm-cli.js" "run" "debug"
19 error node v6.10.2
20 error npm  v3.10.10
21 error code ELIFECYCLE
22 error darkreader@1.0.1 debug: `gulp debug`
22 error Exit status 1
23 error Failed at the darkreader@1.0.1 debug script 'gulp debug'.
23 error Make sure you have the latest version of node.js and npm installed.
23 error If you do, this is most likely a problem with the darkreader package,
23 error not with npm itself.
23 error Tell the author that this fails on your system:
23 error     gulp debug
23 error You can get information on how to open an issue for this project with:
23 error     npm bugs darkreader
23 error Or if that isn't available, you can get their info via:
23 error     npm owner ls darkreader
23 error There is likely additional logging output above.
24 verbose exit [ 1, true ]
